2026-06-08 16:26:07,736 | INFO | Dry run | index=0 | chars=46 | inserted=[]
2026-06-08 16:26:20,325 | INFO | Generated post | old_index=0 | new_index=1 | chars=46 | inserted=[]
2026-06-08 16:26:35,840 | INFO | Generated post | old_index=1 | new_index=2 | chars=111 | inserted=[]
2026-06-08 16:26:50,990 | INFO | Generated post | old_index=2 | new_index=3 | chars=131 | inserted=[]
2026-06-08 16:27:00,332 | INFO | Generated post | old_index=3 | new_index=4 | chars=95 | inserted=[]
2026-06-08 16:27:03,480 | INFO | Generated post | old_index=4 | new_index=5 | chars=87 | inserted=['A Two Year Old Doughnut', 'A Boodle Alderman']
2026-06-08 16:27:08,239 | INFO | Generated post | old_index=5 | new_index=6 | chars=141 | inserted=['A Western Cyclone']
2026-06-08 16:32:23,536 | INFO | State reset.
2026-06-08 16:32:30,762 | INFO | Dry run | index=0 | chars=46 | inserted=[]
2026-06-08 16:32:46,061 | INFO | Generated post | old_index=0 | new_index=1 | chars=46 | inserted=[]
2026-06-08 16:32:52,637 | INFO | Generated post | old_index=1 | new_index=2 | chars=117 | inserted=[]
2026-06-08 16:32:56,881 | INFO | Generated post | old_index=2 | new_index=3 | chars=137 | inserted=[]
2026-06-08 16:33:00,546 | INFO | Generated post | old_index=3 | new_index=4 | chars=101 | inserted=[]
2026-06-08 16:33:05,462 | INFO | Generated post | old_index=4 | new_index=5 | chars=91 | inserted=['A Cross-eyed Mosquito', 'A Piece of Cheese']
2026-06-09 19:10:48,711 | INFO | Dry run | index=5 | chars=140 | inserted=['A Hay Rake']
2026-06-09 19:14:45,926 | INFO | Dry run | index=5 | chars=148 | inserted=['A Bunch of Bananas']
2026-06-09 19:15:49,188 | INFO | Preview only | index=5 | chars=145 | inserted=['A Paper of Pins']
2026-06-09 19:20:27,246 | INFO | HTTP Request: POST https://bsky.social/xrpc/com.atproto.server.createSession "HTTP/1.1 200 OK"
2026-06-09 19:20:27,324 | INFO | HTTP Request: GET https://jellybaby.us-east.host.bsky.network/xrpc/app.bsky.actor.getProfile?actor=peter-coddle.bsky.social "HTTP/1.1 200 OK"
2026-06-09 19:20:27,355 | INFO | HTTP Request: POST https://jellybaby.us-east.host.bsky.network/xrpc/com.atproto.repo.createRecord "HTTP/1.1 200 OK"
2026-06-09 19:20:27,359 | INFO | Posted to Bluesky | old_index=5 | new_index=6 | chars=146 | inserted=['A Big Mud-puddle']
2026-06-09 19:22:09,909 | INFO | HTTP Request: POST https://bsky.social/xrpc/com.atproto.server.createSession "HTTP/1.1 200 OK"
2026-06-09 19:22:09,968 | INFO | HTTP Request: GET https://jellybaby.us-east.host.bsky.network/xrpc/app.bsky.actor.getProfile?actor=peter-coddle.bsky.social "HTTP/1.1 200 OK"
2026-06-09 19:22:09,990 | INFO | HTTP Request: POST https://jellybaby.us-east.host.bsky.network/xrpc/com.atproto.repo.createRecord "HTTP/1.1 200 OK"
2026-06-09 19:22:09,991 | INFO | Posted to Bluesky | old_index=6 | new_index=7 | chars=69 | inserted=[]
2026-06-09 19:24:32,025 | INFO | Dry run | index=7 | chars=235 | inserted=['A Paper of Pins', 'A Stove Funnel', 'A German Band', 'A Hot Snow Ball', 'A Western Cyclone', 'A Talkative Oyster']
2026-06-09 19:27:08,958 | INFO | Dry run | index=7 | chars=244 | inserted=['A Mutton Broth', 'A Ton of Coal', 'A Life Size Picture', 'A Thunder Storm', 'A Pair of Suspenders', 'A Chinese Laundryman']
2026-06-09 19:39:23,730 | INFO | State reset.
